Using pre-set license
Built from '2020.2/staging' branch; Version is '2020.2.3f1 (8ff31bc5bf5b) revision 9433883'; Using compiler version '192528614'; Build Type 'Release'
OS: 'Windows 10 Home; OS build 19042.867; Version 2009; 64bit' Language: 'fr' Physical Memory: 16204 MB
BatchMode: 1, IsHumanControllingUs: 0, StartBugReporterOnCrash: 0, Is64bit: 1, IsPro: 0

 COMMAND LINE ARGUMENTS:
C:\Program Files\Unity\Hub\Editor\2020.2.3f1\Editor\Unity.exe
-adb2
-batchMode
-noUpm
-name
AssetImportWorker0
-projectPath
C:/Users/franc/OneDrive/Bureau/wolforest/wolforest/WolfOrest/WolfOrest
-logFile
Logs/AssetImportWorker0.log
-srvPort
54424
Successfully changed project path to: C:/Users/franc/OneDrive/Bureau/wolforest/wolforest/WolfOrest/WolfOrest
C:/Users/franc/OneDrive/Bureau/wolforest/wolforest/WolfOrest/WolfOrest
Using Asset Import Pipeline V2.
Refreshing native plugins compatible for Editor in 31.00 ms, found 0 plugins.
Preloading 0 native plugins for Editor in 0.00 ms.
Initialize engine version: 2020.2.3f1 (8ff31bc5bf5b)
[Subsystems] Discovering subsystems at path C:/Program Files/Unity/Hub/Editor/2020.2.3f1/Editor/Data/Resources/UnitySubsystems
[Subsystems] Discovering subsystems at path C:/Users/franc/OneDrive/Bureau/wolforest/wolforest/WolfOrest/WolfOrest/Assets
GfxDevice: creating device client; threaded=0
Direct3D:
    Version:  Direct3D 11.0 [level 11.1]
    Renderer: NVIDIA GeForce RTX 2060 (ID=0x1f15)
    Vendor:   
    VRAM:     5980 MB
    Driver:   26.21.14.4223
Initialize mono
Mono path[0] = 'C:/Program Files/Unity/Hub/Editor/2020.2.3f1/Editor/Data/Managed'
Mono path[1] = 'C:/Program Files/Unity/Hub/Editor/2020.2.3f1/Editor/Data/MonoBleedingEdge/lib/mono/unityjit'
Mono config path = 'C:/Program Files/Unity/Hub/Editor/2020.2.3f1/Editor/Data/MonoBleedingEdge/etc'
Using monoOptions --debugger-agent=transport=dt_socket,embedding=1,server=y,suspend=n,address=127.0.0.1:56372
Begin MonoManager ReloadAssembly
Registering precompiled unity dll's ...
Register platform support module: C:/Program Files/Unity/Hub/Editor/2020.2.3f1/Editor/Data/PlaybackEngines/MacStandaloneSupport/UnityEditor.OSXStandalone.Extensions.dll
Register platform support module: C:/Program Files/Unity/Hub/Editor/2020.2.3f1/Editor/Data/PlaybackEngines/WindowsStandaloneSupport/UnityEditor.WindowsStandalone.Extensions.dll
Register platform support module: C:/Program Files/Unity/Hub/Editor/2020.2.3f1/Editor/Data/PlaybackEngines/LinuxStandaloneSupport/UnityEditor.LinuxStandalone.Extensions.dll
Registered in 0.002147 seconds.
Native extension for LinuxStandalone target not found
Native extension for WindowsStandalone target not found
Native extension for OSXStandalone target not found
Refreshing native plugins compatible for Editor in 32.70 ms, found 0 plugins.
Preloading 0 native plugins for Editor in 0.00 ms.
Invoked RoslynAnalysisRunner static constructor.
RoslynAnalysisRunner will not be running.
RoslynAnalysisRunner has terminated.
Mono: successfully reloaded assembly
- Completed reload, in  1.474 seconds
Platform modules already initialized, skipping
Registering precompiled user dll's ...
Registered in 0.001936 seconds.
Begin MonoManager ReloadAssembly
Symbol file LoadedFromMemory is not a mono symbol file
Native extension for LinuxStandalone target not found
Native extension for WindowsStandalone target not found
Native extension for OSXStandalone target not found
Refreshing native plugins compatible for Editor in 0.33 ms, found 0 plugins.
Preloading 0 native plugins for Editor in 0.00 ms.
Invoked RoslynAnalysisRunner static constructor.
RoslynAnalysisRunner will not be running.
RoslynAnalysisRunner has terminated.
Mono: successfully reloaded assembly
- Completed reload, in  0.673 seconds
Platform modules already initialized, skipping
========================================================================
Worker process is ready to serve import requests
Launched and connected shader compiler UnityShaderCompiler.exe after 0.03 seconds
Refreshing native plugins compatible for Editor in 0.34 ms, found 0 plugins.
Preloading 0 native plugins for Editor in 0.00 ms.
Unloading 1417 Unused Serialized files (Serialized files now loaded: 0)
System memory in use before: 73.4 MB.
System memory in use after: 72.9 MB.

Unloading 31 unused Assets to reduce memory usage. Loaded Objects now: 1846.
Total: 2.175100 ms (FindLiveObjects: 0.254800 ms CreateObjectMapping: 0.042700 ms MarkObjects: 1.607300 ms  DeleteObjects: 0.269500 ms)

========================================================================
Received Import Request.
  path: Assets/Resources/PhotonPrefabs/PlayerManager.prefab
  artifactKey: Guid(b02833722b607a04c8712789e42f1215) Importer(815301076,1909f56bfc062723c751e8b465ee728b)
Start importing Assets/Resources/PhotonPrefabs/PlayerManager.prefab using Guid(b02833722b607a04c8712789e42f1215) Importer(815301076,1909f56bfc062723c751e8b465ee728b)  -> (artifact id: 'a8df738d7677a3367d521d933ddecec7') in 0.036599 seconds
  Import took 0.038757 seconds .

========================================================================
Received Import Request.
  Time since last request: 0.000399 seconds.
  path: Assets/Resources/PhotonPrefabs/Player.prefab
  artifactKey: Guid(e4495461455bc6b4c84d212a23a66f2b) Importer(815301076,1909f56bfc062723c751e8b465ee728b)
Start importing Assets/Resources/PhotonPrefabs/Player.prefab using Guid(e4495461455bc6b4c84d212a23a66f2b) Importer(815301076,1909f56bfc062723c751e8b465ee728b)  -> (artifact id: '1c711b04f95aacde7b22b96db5c1b057') in 0.087980 seconds
  Import took 0.091003 seconds .

========================================================================
Received Prepare
Refreshing native plugins compatible for Editor in 1.63 ms, found 0 plugins.
Preloading 0 native plugins for Editor in 0.00 ms.
Unloading 20 Unused Serialized files (Serialized files now loaded: 0)
System memory in use before: 47.6 MB.
System memory in use after: 47.1 MB.

Unloading 20 unused Assets to reduce memory usage. Loaded Objects now: 1853.
Total: 2.356300 ms (FindLiveObjects: 0.275300 ms CreateObjectMapping: 0.042300 ms MarkObjects: 1.750000 ms  DeleteObjects: 0.287600 ms)

========================================================================
Received Prepare
Registering precompiled user dll's ...
Registered in 0.003880 seconds.
Begin MonoManager ReloadAssembly
Symbol file LoadedFromMemory is not a mono symbol file
Native extension for LinuxStandalone target not found
Native extension for WindowsStandalone target not found
Native extension for OSXStandalone target not found
Refreshing native plugins compatible for Editor in 0.88 ms, found 0 plugins.
Preloading 0 native plugins for Editor in 0.00 ms.
Invoked RoslynAnalysisRunner static constructor.
RoslynAnalysisRunner will not be running.
RoslynAnalysisRunner has terminated.
Mono: successfully reloaded assembly
- Completed reload, in  0.997 seconds
Platform modules already initialized, skipping
Refreshing native plugins compatible for Editor in 0.81 ms, found 0 plugins.
Preloading 0 native plugins for Editor in 0.00 ms.
Unloading 1384 Unused Serialized files (Serialized files now loaded: 0)
System memory in use before: 74.4 MB.
System memory in use after: 73.9 MB.

Unloading 22 unused Assets to reduce memory usage. Loaded Objects now: 1855.
Total: 4.011800 ms (FindLiveObjects: 0.668900 ms CreateObjectMapping: 0.497600 ms MarkObjects: 2.386400 ms  DeleteObjects: 0.452800 ms)

AssetImportWorkerClient::OnTransportError - code=2 error=End of file
